0 silly input []
1 silly flags { _: [ 'bootstrap' ],
1 silly flags   'reject-cycles': false,
1 silly flags   rejectCycles: false,
1 silly flags   args: [] }
2 verbose rootPath C:\Users\joshd\Documents\Projects\Node\flocking
3 info version 2.5.1
4 silly existsSync C:\Users\joshd\Documents\Projects\Node\flocking\VERSION
5 silly initialize attempt
6 silly npmConfig { registry: undefined,
6 silly npmConfig   npmClient: 'npm',
6 silly npmConfig   npmClientArgs: undefined,
6 silly npmConfig   mutex: undefined }
7 silly initialize success
8 silly execute attempt
9 info Bootstrapping 3 packages
10 info lifecycle preinstall
11 silly runScript preinstall @joshduck/flocking-demo
12 silly @joshduck/flocking-demo
13 silly runScript preinstall @joshduck/vector2d
14 silly @joshduck/vector2d
15 silly runScript preinstall @joshduck/flocking
16 silly @joshduck/flocking
17 silly hasMatchingDependency @joshduck/flocking @joshduck/vector2d
18 silly hasDependencyInstalled @joshduck/flocking-demo lerna
19 silly dependencyIsSatisfied [ 'lerna',
19 silly dependencyIsSatisfied   '^2.5.1',
19 silly dependencyIsSatisfied   'C:\\Users\\joshd\\Documents\\Projects\\Node\\flocking\\packages\\demo\\node_modules' ]
20 verbose dependencyIsSatisfied lerna false
21 silly hasDependencyInstalled @joshduck/flocking lerna
22 silly dependencyIsSatisfied [ 'lerna',
22 silly dependencyIsSatisfied   '^2.5.1',
22 silly dependencyIsSatisfied   'C:\\Users\\joshd\\Documents\\Projects\\Node\\flocking\\packages\\flocking\\node_modules' ]
23 verbose dependencyIsSatisfied lerna false
24 silly hasDependencyInstalled @joshduck/flocking-demo react
25 silly dependencyIsSatisfied [ 'react',
25 silly dependencyIsSatisfied   '^16.2.0',
25 silly dependencyIsSatisfied   'C:\\Users\\joshd\\Documents\\Projects\\Node\\flocking\\packages\\demo\\node_modules' ]
26 verbose dependencyIsSatisfied react false
27 silly hasDependencyInstalled @joshduck/flocking-demo react-dom
28 silly dependencyIsSatisfied [ 'react-dom',
28 silly dependencyIsSatisfied   '^16.2.0',
28 silly dependencyIsSatisfied   'C:\\Users\\joshd\\Documents\\Projects\\Node\\flocking\\packages\\demo\\node_modules' ]
29 verbose dependencyIsSatisfied react-dom false
30 silly hasDependencyInstalled @joshduck/flocking-demo react-scripts
31 silly dependencyIsSatisfied [ 'react-scripts',
31 silly dependencyIsSatisfied   '1.0.17',
31 silly dependencyIsSatisfied   'C:\\Users\\joshd\\Documents\\Projects\\Node\\flocking\\packages\\demo\\node_modules' ]
32 verbose dependencyIsSatisfied react-scripts false
33 silly hasDependencyInstalled @joshduck/flocking-demo @joshduck/flocking
34 silly dependencyIsSatisfied [ '@joshduck/flocking',
34 silly dependencyIsSatisfied   '^1.0.0',
34 silly dependencyIsSatisfied   'C:\\Users\\joshd\\Documents\\Projects\\Node\\flocking\\packages\\demo\\node_modules' ]
35 verbose dependencyIsSatisfied @joshduck/flocking false
36 silly hasDependencyInstalled @joshduck/flocking color-convert
37 silly dependencyIsSatisfied [ 'color-convert',
37 silly dependencyIsSatisfied   '^1.9.1',
37 silly dependencyIsSatisfied   'C:\\Users\\joshd\\Documents\\Projects\\Node\\flocking\\packages\\flocking\\node_modules' ]
38 verbose dependencyIsSatisfied color-convert false
39 silly hasDependencyInstalled @joshduck/flocking hsl-to-rgb
40 silly dependencyIsSatisfied [ 'hsl-to-rgb',
40 silly dependencyIsSatisfied   '^1.0.0',
40 silly dependencyIsSatisfied   'C:\\Users\\joshd\\Documents\\Projects\\Node\\flocking\\packages\\flocking\\node_modules' ]
41 verbose dependencyIsSatisfied hsl-to-rgb false
42 silly hasDependencyInstalled @joshduck/vector2d jest
43 silly dependencyIsSatisfied [ 'jest',
43 silly dependencyIsSatisfied   '^21.2.1',
43 silly dependencyIsSatisfied   'C:\\Users\\joshd\\Documents\\Projects\\Node\\flocking\\packages\\vector2d\\node_modules' ]
44 verbose dependencyIsSatisfied jest false
45 silly root dependencies []
46 silly leaf dependencies {
46 silly leaf dependencies   "@joshduck/flocking-demo": [
46 silly leaf dependencies     {
46 silly leaf dependencies       "dependency": "lerna@^2.5.1",
46 silly leaf dependencies       "isSatisfied": false
46 silly leaf dependencies     },
46 silly leaf dependencies     {
46 silly leaf dependencies       "dependency": "react@^16.2.0",
46 silly leaf dependencies       "isSatisfied": false
46 silly leaf dependencies     },
46 silly leaf dependencies     {
46 silly leaf dependencies       "dependency": "react-dom@^16.2.0",
46 silly leaf dependencies       "isSatisfied": false
46 silly leaf dependencies     },
46 silly leaf dependencies     {
46 silly leaf dependencies       "dependency": "react-scripts@1.0.17",
46 silly leaf dependencies       "isSatisfied": false
46 silly leaf dependencies     },
46 silly leaf dependencies     {
46 silly leaf dependencies       "dependency": "@joshduck/flocking@^1.0.0",
46 silly leaf dependencies       "isSatisfied": false
46 silly leaf dependencies     }
46 silly leaf dependencies   ],
46 silly leaf dependencies   "@joshduck/flocking": [
46 silly leaf dependencies     {
46 silly leaf dependencies       "dependency": "lerna@^2.5.1",
46 silly leaf dependencies       "isSatisfied": false
46 silly leaf dependencies     },
46 silly leaf dependencies     {
46 silly leaf dependencies       "dependency": "color-convert@^1.9.1",
46 silly leaf dependencies       "isSatisfied": false
46 silly leaf dependencies     },
46 silly leaf dependencies     {
46 silly leaf dependencies       "dependency": "hsl-to-rgb@^1.0.0",
46 silly leaf dependencies       "isSatisfied": false
46 silly leaf dependencies     }
46 silly leaf dependencies   ],
46 silly leaf dependencies   "@joshduck/vector2d": [
46 silly leaf dependencies     {
46 silly leaf dependencies       "dependency": "jest@^21.2.1",
46 silly leaf dependencies       "isSatisfied": false
46 silly leaf dependencies     }
46 silly leaf dependencies   ]
46 silly leaf dependencies }
47 info Installing external dependencies
48 verbose actions 3 actions, concurrency 4
49 silly installInDir demo [ 'lerna@^2.5.1',
49 silly installInDir   'react@^16.2.0',
49 silly installInDir   'react-dom@^16.2.0',
49 silly installInDir   'react-scripts@1.0.17',
49 silly installInDir   '@joshduck/flocking@^1.0.0' ]
50 silly installInDir backup C:\Users\joshd\Documents\Projects\Node\flocking\packages\demo\package.json
51 silly rename [ 'C:\\Users\\joshd\\Documents\\Projects\\Node\\flocking\\packages\\demo\\package.json',
51 silly rename   'C:\\Users\\joshd\\Documents\\Projects\\Node\\flocking\\packages\\demo\\package.json.lerna_backup' ]
52 silly installInDir flocking [ 'lerna@^2.5.1', 'color-convert@^1.9.1', 'hsl-to-rgb@^1.0.0' ]
53 silly installInDir backup C:\Users\joshd\Documents\Projects\Node\flocking\packages\flocking\package.json
54 silly rename [ 'C:\\Users\\joshd\\Documents\\Projects\\Node\\flocking\\packages\\flocking\\package.json',
54 silly rename   'C:\\Users\\joshd\\Documents\\Projects\\Node\\flocking\\packages\\flocking\\package.json.lerna_backup' ]
55 silly installInDir vector2d [ 'jest@^21.2.1' ]
56 silly installInDir backup C:\Users\joshd\Documents\Projects\Node\flocking\packages\vector2d\package.json
57 silly rename [ 'C:\\Users\\joshd\\Documents\\Projects\\Node\\flocking\\packages\\vector2d\\package.json',
57 silly rename   'C:\\Users\\joshd\\Documents\\Projects\\Node\\flocking\\packages\\vector2d\\package.json.lerna_backup' ]
58 silly installInDir writing tempJson { dependencies:
58 silly installInDir    { lerna: '^2.5.1',
58 silly installInDir      'color-convert': '^1.9.1',
58 silly installInDir      'hsl-to-rgb': '^1.0.0' } }
59 silly installInDir writing tempJson { dependencies: { jest: '^21.2.1' } }
60 silly installInDir writing tempJson { dependencies:
60 silly installInDir    { lerna: '^2.5.1',
60 silly installInDir      react: '^16.2.0',
60 silly installInDir      'react-dom': '^16.2.0',
60 silly installInDir      'react-scripts': '1.0.17',
60 silly installInDir      '@joshduck/flocking': '^1.0.0' } }
61 silly getExecOpts { cwd: 'C:\\Users\\joshd\\Documents\\Projects\\Node\\flocking\\packages\\demo' }
62 silly installInDir [ 'npm', [ 'install' ] ]
63 silly getExecOpts { cwd: 'C:\\Users\\joshd\\Documents\\Projects\\Node\\flocking\\packages\\vector2d' }
64 silly installInDir [ 'npm', [ 'install' ] ]
65 silly getExecOpts { cwd: 'C:\\Users\\joshd\\Documents\\Projects\\Node\\flocking\\packages\\flocking' }
66 silly installInDir [ 'npm', [ 'install' ] ]
67 silly installInDir cleanup C:\Users\joshd\Documents\Projects\Node\flocking\packages\demo\package.json
68 silly renameSync [ 'C:\\Users\\joshd\\Documents\\Projects\\Node\\flocking\\packages\\demo\\package.json.lerna_backup',
68 silly renameSync   'C:\\Users\\joshd\\Documents\\Projects\\Node\\flocking\\packages\\demo\\package.json' ]
69 verbose installed leaf @joshduck/flocking-demo
70 error execute callback with error
71 error Error: Command failed: npm install
71 error npm ERR! code E404
71 error npm ERR! 404 Not Found: @joshduck/flocking@^1.0.0
71 error
71 error npm ERR! A complete log of this run can be found in:
71 error npm ERR!     C:\Users\joshd\AppData\Roaming\npm-cache\_logs\2017-12-14T10_49_27_734Z-debug.log
71 error
71 error     at Promise.all.then.arr (C:\Users\joshd\AppData\Local\Yarn\config\global\node_modules\lerna\node_modules\execa\index.js:236:11)
71 error     at <anonymous>
